Added Component: Designator=*1(3806(020LED))
Add component. Clean all parameters for all variants
Added Component: Designator=*2(PAD)
Add component. Clean all parameters for all variants
Added Component: Designator=*3(TOUCH_PAD)
Add component. Clean all parameters for all variants
Added Component: Designator=*4(R0603)
Add component. Clean all parameters for all variants
Added Component: Designator=*5(TOUCH_PAD)
Add component. Clean all parameters for all variants
Added Component: Designator=*6(R0603)
Add component. Clean all parameters for all variants
Added Component: Designator=*7(R0603)
Add component. Clean all parameters for all variants
Added Component: Designator=*8(C0603)
Add component. Clean all parameters for all variants
Added Component: Designator=*9(3806(020LED))
Add component. Clean all parameters for all variants
Added Component: Designator=*10(3806(020LED))
Add component. Clean all parameters for all variants
Added Component: Designator=*11(C0603)
Add component. Clean all parameters for all variants
Added Component: Designator=*12(R0603)
Add component. Clean all parameters for all variants
Added Component: Designator=*13(R0603)
Add component. Clean all parameters for all variants
Added Component: Designator=*14(R0603)
Add component. Clean all parameters for all variants
Added Component: Designator=*15(3806(020LED))
Add component. Clean all parameters for all variants
Added Component: Designator=*16(PAD*3)
Add component. Clean all parameters for all variants
Added Component: Designator=*17(TO-252)
Add component. Clean all parameters for all variants
Added Component: Designator=*18(TO-252)
Add component. Clean all parameters for all variants
Added Component: Designator=*19(R0603)
Add component. Clean all parameters for all variants
Added Component: Designator=*20(R0603)
Add component. Clean all parameters for all variants
Added Component: Designator=*21(C0603)
Add component. Clean all parameters for all variants
Added Component: Designator=*22(SOT-89)
Add component. Clean all parameters for all variants
Added Component: Designator=*23(C0603)
Add component. Clean all parameters for all variants
Added Component: Designator=*24(SOD123)
Add component. Clean all parameters for all variants
Added Component: Designator=*25(PAD_2 _ab)
Add component. Clean all parameters for all variants
Added Component: Designator=u*1(SOP16)
Add component. Clean all parameters for all variants
Added Pin To Net: NetName=5V Pin=*7-1
Added Pin To Net: NetName=5V Pin=*8-1
Added Pin To Net: NetName=5V Pin=*12-2
Added Pin To Net: NetName=5V Pin=*21-2
Added Pin To Net: NetName=5V Pin=*22-1
Added Pin To Net: NetName=5V Pin=u*1-12
Added Net: Name=5V
Added Pin To Net: NetName=GND Pin=*8-2
Added Pin To Net: NetName=GND Pin=*11-1
Added Pin To Net: NetName=GND Pin=*17-3
Added Pin To Net: NetName=GND Pin=*18-3
Added Pin To Net: NetName=GND Pin=*19-1
Added Pin To Net: NetName=GND Pin=*20-1
Added Pin To Net: NetName=GND Pin=*21-1
Added Pin To Net: NetName=GND Pin=*22-2
Added Pin To Net: NetName=GND Pin=*22-2
Added Pin To Net: NetName=GND Pin=*23-1
Added Pin To Net: NetName=GND Pin=*25-1
Added Pin To Net: NetName=GND Pin=u*1-8
Added Net: Name=GND
Added Pin To Net: NetName=Net*1_1 Pin=*7-2
Added Net: Name=Net*1_1
Added Pin To Net: NetName=Net*1_2 Pin=u*1-16
Added Net: Name=Net*1_2
Added Pin To Net: NetName=Net*2_1 Pin=*2-1
Added Pin To Net: NetName=Net*2_1 Pin=u*1-1
Added Net: Name=Net*2_1
Added Pin To Net: NetName=Net*3_4 Pin=*4-2
Added Net: Name=Net*3_4
Added Pin To Net: NetName=Net*4_1 Pin=*4-1
Added Pin To Net: NetName=Net*4_1 Pin=u*1-3
Added Net: Name=Net*4_1
Added Pin To Net: NetName=Net*5_4 Pin=*6-2
Added Net: Name=Net*5_4
Added Pin To Net: NetName=Net*6_1 Pin=*6-1
Added Pin To Net: NetName=Net*6_1 Pin=u*1-4
Added Net: Name=Net*6_1
Added Pin To Net: NetName=Net*9_2 Pin=u*1-10
Added Net: Name=Net*9_2
Added Pin To Net: NetName=Net*10_1 Pin=*12-1
Added Net: Name=Net*10_1
Added Pin To Net: NetName=Net*10_2 Pin=u*1-5
Added Net: Name=Net*10_2
Added Pin To Net: NetName=Net*11_2 Pin=*11-2
Added Pin To Net: NetName=Net*11_2 Pin=u*1-7
Added Net: Name=Net*11_2
Added Pin To Net: NetName=Net*13_1 Pin=*13-1
Added Pin To Net: NetName=Net*13_1 Pin=*17-2
Added Pin To Net: NetName=Net*13_1 Pin=*19-2
Added Net: Name=Net*13_1
Added Pin To Net: NetName=Net*13_2 Pin=*13-2
Added Pin To Net: NetName=Net*13_2 Pin=u*1-9
Added Net: Name=Net*13_2
Added Pin To Net: NetName=Net*14_1 Pin=*14-1
Added Pin To Net: NetName=Net*14_1 Pin=*18-2
Added Pin To Net: NetName=Net*14_1 Pin=*20-2
Added Net: Name=Net*14_1
Added Pin To Net: NetName=Net*14_2 Pin=*14-2
Added Pin To Net: NetName=Net*14_2 Pin=u*1-11
Added Net: Name=Net*14_2
Added Pin To Net: NetName=Net*15_2 Pin=u*1-6
Added Net: Name=Net*15_2
Added Pin To Net: NetName=Net*16_1 Pin=*16-1
Added Pin To Net: NetName=Net*16_1 Pin=*24-1
Added Pin To Net: NetName=Net*16_1 Pin=*25-2
Added Net: Name=Net*16_1
Added Pin To Net: NetName=Net*16_2 Pin=*16-2
Added Pin To Net: NetName=Net*16_2 Pin=*18-1
Added Net: Name=Net*16_2
Added Pin To Net: NetName=Net*16_3 Pin=*16-3
Added Pin To Net: NetName=Net*16_3 Pin=*17-1
Added Net: Name=Net*16_3
Added Pin To Net: NetName=Net*22_3 Pin=*22-3
Added Pin To Net: NetName=Net*22_3 Pin=*23-2
Added Pin To Net: NetName=Net*22_3 Pin=*24-2
Added Net: Name=Net*22_3
Added Class: Name=Ë«¼üµÆ
Added Room: Name=Ë«¼üµÆ
