Change Component Designator: OldDesignator=C1 NewDesignator=*11
Change Component Designator: OldDesignator=C2 NewDesignator=*8
Change Component Designator: OldDesignator=C3 NewDesignator=*21
Change Component Designator: OldDesignator=C4 NewDesignator=*23
Change Component Designator: OldDesignator=LED1 NewDesignator=*15
Change Component Designator: OldDesignator=LED2 NewDesignator=*10
Change Component Designator: OldDesignator=LED3 NewDesignator=*9
Change Component Designator: OldDesignator=LED4 NewDesignator=*1
Change Component Designator: OldDesignator=P1 NewDesignator=*5
Change Component Designator: OldDesignator=P2 NewDesignator=*3
Change Component Designator: OldDesignator=P3 NewDesignator=*25
Change Component Designator: OldDesignator=P4 NewDesignator=*2
Change Component Designator: OldDesignator=P5 NewDesignator=*16
Change Component Designator: OldDesignator=Q1 NewDesignator=Q2
Change Component Designator: OldDesignator=Q2 NewDesignator=Q1
Change Component Designator: OldDesignator=R1 NewDesignator=*4
Change Component Designator: OldDesignator=R2 NewDesignator=*6
Change Component Designator: OldDesignator=R3 NewDesignator=*13
Change Component Designator: OldDesignator=R4 NewDesignator=*14
Change Component Designator: OldDesignator=R5 NewDesignator=*19
Change Component Designator: OldDesignator=R6 NewDesignator=*20
Change Component Designator: OldDesignator=R7 NewDesignator=*7
Change Component Designator: OldDesignator=R8 NewDesignator=*12
Change Component Designator: OldDesignator=U1 NewDesignator=*22
Change Component Designator: OldDesignator=U2 NewDesignator=u*1
